[2018-03-14T12:22:47.260] [INFO] default - MONGO: Connecting to MongoDb...
[2018-03-14T12:22:47.548] [INFO] default - MONGO: App successfully connected to MongoDb. 
Port: 27017
Db: DevDb
[2018-03-14T12:26:28.983] [INFO] default - MONGO: Connecting to MongoDb...
[2018-03-14T12:26:29.263] [INFO] default - Server is listening on port: 3000
[2018-03-14T12:26:29.314] [INFO] default - MONGO: App successfully connected to MongoDb. 
Port: 27017
Db: DevDb
[2018-03-14T12:31:12.888] [INFO] default - MONGO: Connecting to MongoDb...
[2018-03-14T12:31:13.240] [INFO] default - Updating social media post list...
[2018-03-14T12:31:13.245] [INFO] default - Updating app statistics...
[2018-03-14T12:31:13.253] [INFO] default - Server is listening on port: 3000
[2018-03-14T12:31:13.277] [INFO] default - MONGO: App successfully connected to MongoDb. 
Port: 27017
Db: DevDb
[2018-03-14T12:31:13.312] [INFO] default - API refresh set to '900000' (milliseconds)
[2018-03-14T12:33:25.289] [INFO] default - MONGO: Connecting to MongoDb...
[2018-03-14T12:33:25.538] [INFO] default - Updating social media post list...
[2018-03-14T12:33:25.547] [INFO] default - Updating app statistics...
[2018-03-14T12:33:25.562] [INFO] default - Server is listening on port: 3000
[2018-03-14T12:33:25.606] [INFO] default - MONGO: App successfully connected to MongoDb - Port: 27017 - Db: DevDb
[2018-03-14T12:33:25.640] [INFO] default - API refresh set to '900000' (milliseconds)
[2018-03-14T12:33:42.516] [INFO] MONGO - MONGO: Connecting to MongoDb...
[2018-03-14T12:33:42.829] [INFO] default - Updating social media post list...
[2018-03-14T12:33:42.836] [INFO] default - Updating app statistics...
[2018-03-14T12:33:42.849] [INFO] default - Server is listening on port: 3000
[2018-03-14T12:33:42.885] [INFO] MONGO - MONGO: App successfully connected to MongoDb - Port: 27017 - Db: DevDb
[2018-03-14T12:33:42.935] [INFO] default - API refresh set to '900000' (milliseconds)
[2018-03-14T12:33:57.181] [INFO] MONGO - Connecting to MongoDb...
[2018-03-14T12:33:57.489] [INFO] default - Updating social media post list...
[2018-03-14T12:33:57.494] [INFO] default - Updating app statistics...
[2018-03-14T12:33:57.503] [INFO] default - Server is listening on port: 3000
[2018-03-14T12:33:57.532] [INFO] MONGO - App successfully connected to MongoDb - Port: 27017 - Db: DevDb
[2018-03-14T12:33:57.572] [INFO] default - API refresh set to '900000' (milliseconds)
[2018-03-14T12:35:13.918] [INFO] MONGO - Connecting to MongoDb...
[2018-03-14T12:35:14.142] [INFO] default - Updating social media post list...
[2018-03-14T12:35:14.147] [INFO] default - Updating app statistics...
[2018-03-14T12:35:14.156] [INFO] default - Server is listening on port: 3000
[2018-03-14T12:35:14.196] [INFO] MONGO - App successfully connected to MongoDb - Port: 27017 - Db: DevDb
[2018-03-14T12:35:14.231] [INFO] default - API refresh set to '900000' (milliseconds)
[2018-03-14T12:36:31.681] [INFO] MONGO - Connecting to MongoDb...
[2018-03-14T12:36:31.938] [INFO] AUTO UPDATER - Updating social media post list...
[2018-03-14T12:36:31.943] [INFO] AUTO UPDATER - Updating app statistics...
[2018-03-14T12:36:31.953] [INFO] default - Server is listening on port: 3000
[2018-03-14T12:36:31.983] [INFO] MONGO - App successfully connected to MongoDb - Port: 27017 - Db: DevDb
[2018-03-14T12:36:32.017] [INFO] AUTO UPDATER - API refresh set to '900000' (milliseconds)
[2018-03-14T12:51:32.020] [INFO] AUTO UPDATER - Updating social media post list...
[2018-03-14T12:51:32.022] [INFO] AUTO UPDATER - Updating app statistics...
[2018-03-14T12:55:41.436] [INFO] DB - Connecting to MongoDb...
[2018-03-14T12:55:41.674] [INFO] AUTO UPDATER - Updating social media post list...
[2018-03-14T12:55:41.681] [INFO] AUTO UPDATER - Updating app statistics...
[2018-03-14T12:55:41.692] [INFO] default - Server is listening on port: 3000
[2018-03-14T12:55:41.727] [INFO] DB - App successfully connected to MongoDb - Port: 27017 - Db: DevDb
[2018-03-14T12:55:41.759] [INFO] AUTO UPDATER - API refresh set to '900000' (milliseconds)
[2018-03-14T12:59:09.905] [INFO] DB - Connecting to MongoDb...
[2018-03-14T12:59:10.140] [INFO] AUTO UPDATER - Updating social media post list...
[2018-03-14T12:59:10.145] [INFO] AUTO UPDATER - Updating app statistics...
[2018-03-14T12:59:10.154] [INFO] default - Server is listening on port: 3000
[2018-03-14T12:59:10.203] [INFO] DB - App successfully connected to MongoDb - Port: 27017 - Db: DevDb
[2018-03-14T12:59:10.238] [INFO] AUTO UPDATER - API refresh set to '900000' (milliseconds)
[2018-03-14T12:59:10.587] [INFO] TWITTER API - No. of Tweets for query 'from:mr_rone_' = 3
[2018-03-14T12:59:10.765] [INFO] TWITTER API - No. of Tweets for query '#bournemouth filter:media -RT' = 15
[2018-03-14T12:59:10.804] [INFO] TWITTER API - No. of Tweets for query '#beach filter:media -RT' = 15
[2018-03-14T12:59:10.807] [INFO] TWITTER API - Total tweets: 33
[2018-03-14T12:59:10.820] [WARN] TWITTER API - Not adding post containing 'mr_rone_' in username '@Mr_Rone_'
[2018-03-14T12:59:10.820] [WARN] TWITTER API - Not adding post containing 'mr_rone_' in username '@Mr_Rone_'
[2018-03-14T12:59:10.824] [WARN] TWITTER API - Not adding post containing 'mr_rone_' in username '@Mr_Rone_'
[2018-03-14T12:59:10.849] [INFO] TWITTER API - Total filtered tweets: 30
[2018-03-14T13:00:14.157] [INFO] DB - Connecting to MongoDb...
[2018-03-14T13:00:14.446] [INFO] AUTO UPDATER - Updating social media post list...
[2018-03-14T13:00:14.452] [INFO] AUTO UPDATER - Updating app statistics...
[2018-03-14T13:00:14.461] [INFO] default - Server is listening on port: 3000
[2018-03-14T13:00:14.499] [INFO] DB - App successfully connected to MongoDb - Port: 27017 - Db: DevDb
[2018-03-14T13:00:14.532] [INFO] AUTO UPDATER - API refresh set to '900000' (milliseconds)
[2018-03-14T13:00:14.806] [INFO] TWITTER API - No. of Tweets for query 'from:mr_rone_' = 3
[2018-03-14T13:00:14.997] [INFO] TWITTER API - No. of Tweets for query '#beach filter:media -RT' = 15
[2018-03-14T13:00:15.116] [INFO] TWITTER API - No. of Tweets for query '#bournemouth filter:media -RT' = 15
[2018-03-14T13:00:15.121] [INFO] TWITTER API - Total tweets: 33
[2018-03-14T13:00:15.163] [INFO] TWITTER API - Total filtered tweets: 30
[2018-03-14T13:08:39.173] [INFO] DB - Connecting to MongoDb...
[2018-03-14T13:08:39.410] [INFO] AUTO UPDATER - Updating social media post list...
[2018-03-14T13:08:39.415] [INFO] AUTO UPDATER - Updating app statistics...
[2018-03-14T13:08:39.424] [INFO] default - Server is listening on port: 3000
[2018-03-14T13:08:39.456] [INFO] DB - App successfully connected to MongoDb - Port: 27017 - Db: DevDb
[2018-03-14T13:08:39.487] [INFO] AUTO UPDATER - API refresh set to '900000' (milliseconds)
[2018-03-14T13:08:39.775] [INFO] TWITTER API - No. of Tweets for query 'from:mr_rone_' = 3
[2018-03-14T13:08:40.098] [INFO] TWITTER API - No. of Tweets for query '#bournemouth filter:media -RT' = 15
[2018-03-14T13:08:40.147] [INFO] TWITTER API - No. of Tweets for query '#beach filter:media -RT' = 15
[2018-03-14T13:08:40.151] [INFO] TWITTER API - Total tweets: 33
[2018-03-14T13:08:40.163] [WARN] TWITTER API - Not adding post containing 'mr_rone_' in username '@Mr_Rone_'
[2018-03-14T13:08:40.163] [WARN] TWITTER API - Not adding post containing 'mr_rone_' in username '@Mr_Rone_'
[2018-03-14T13:08:40.167] [WARN] TWITTER API - Not adding post containing 'mr_rone_' in username '@Mr_Rone_'
[2018-03-14T13:08:40.192] [INFO] TWITTER API - Total filtered tweets: 30
[2018-03-14T13:10:04.434] [INFO] DB - Connecting to MongoDb...
[2018-03-14T13:10:04.744] [INFO] AUTO UPDATER - Updating social media post list...
[2018-03-14T13:10:04.749] [INFO] AUTO UPDATER - Updating app statistics...
[2018-03-14T13:10:04.764] [INFO] default - Server is listening on port: 3000
[2018-03-14T13:10:04.788] [INFO] DB - App successfully connected to MongoDb - Port: 27017 - Db: DevDb
[2018-03-14T13:10:04.819] [INFO] AUTO UPDATER - API refresh set to '900000' (milliseconds)
[2018-03-14T13:10:05.127] [INFO] TWITTER API - No. of Tweets for query 'from:mr_rone_' = 3
[2018-03-14T13:10:05.127] [INFO] TWEET MODEL MAP - Converting to Twitter model...
[2018-03-14T13:10:05.409] [INFO] TWITTER API - No. of Tweets for query '#beach filter:media -RT' = 15
[2018-03-14T13:10:05.409] [INFO] TWEET MODEL MAP - Converting to Twitter model...
[2018-03-14T13:10:05.588] [INFO] TWITTER API - No. of Tweets for query '#bournemouth filter:media -RT' = 15
[2018-03-14T13:10:05.588] [INFO] TWEET MODEL MAP - Converting to Twitter model...
[2018-03-14T13:10:05.592] [INFO] TWITTER API - Total tweets: 33
[2018-03-14T13:10:05.605] [WARN] TWITTER API - Not adding post containing 'mr_rone_' in username '@Mr_Rone_'
[2018-03-14T13:10:05.605] [WARN] TWITTER API - Not adding post containing 'mr_rone_' in username '@Mr_Rone_'
[2018-03-14T13:10:05.609] [WARN] TWITTER API - Not adding post containing 'mr_rone_' in username '@Mr_Rone_'
[2018-03-14T13:10:05.637] [INFO] TWITTER API - Total filtered tweets: 30
[2018-03-14T13:13:54.888] [INFO] DB - Connecting to MongoDb...
[2018-03-14T13:13:55.119] [INFO] AUTO UPDATER - Updating social media post list...
[2018-03-14T13:13:55.123] [INFO] AUTO UPDATER - Updating app statistics...
[2018-03-14T13:13:55.132] [INFO] default - Server is listening on port: 3000
[2018-03-14T13:13:55.174] [INFO] DB - App successfully connected to MongoDb - Port: 27017 - Db: DevDb
[2018-03-14T13:13:55.214] [INFO] AUTO UPDATER - API refresh set to '900000' (milliseconds)
[2018-03-14T13:13:55.472] [INFO] TWITTER API - No. of Tweets for query 'from:mr_rone_' = 3
[2018-03-14T13:13:55.473] [INFO] TWEET MODEL MAP - Converting to Twitter model...
[2018-03-14T13:13:55.634] [INFO] TWITTER API - No. of Tweets for query '#bournemouth filter:media -RT' = 15
[2018-03-14T13:13:55.634] [INFO] TWEET MODEL MAP - Converting to Twitter model...
[2018-03-14T13:13:56.310] [INFO] TWITTER API - No. of Tweets for query '#beach filter:media -RT' = 15
[2018-03-14T13:13:56.311] [INFO] TWEET MODEL MAP - Converting to Twitter model...
[2018-03-14T13:13:56.315] [INFO] TWITTER API - Total tweets: 33
[2018-03-14T13:13:56.330] [WARN] TWITTER API - Not adding post containing 'mr_rone_' in username '@Mr_Rone_'
[2018-03-14T13:13:56.330] [WARN] TWITTER API - Not adding post containing 'mr_rone_' in username '@Mr_Rone_'
[2018-03-14T13:13:56.334] [WARN] TWITTER API - Not adding post containing 'mr_rone_' in username '@Mr_Rone_'
[2018-03-14T13:13:56.360] [INFO] TWITTER API - Total filtered tweets: 30
[2018-03-14T13:15:34.387] [INFO] DB - Connecting to MongoDb...
[2018-03-14T13:15:34.624] [INFO] AUTO UPDATER - Updating social media post list...
[2018-03-14T13:15:34.629] [INFO] AUTO UPDATER - Updating app statistics...
[2018-03-14T13:15:34.638] [INFO] default - Server is listening on port: 3000
[2018-03-14T13:15:34.684] [INFO] DB - App successfully connected to MongoDb - Port: 27017 - Db: DevDb
[2018-03-14T13:15:34.738] [INFO] AUTO UPDATER - API refresh set to '1200000' (milliseconds)
[2018-03-14T13:15:35.353] [INFO] TWITTER API - No. of Tweets for query 'from:mr_rone_' = 3
[2018-03-14T13:15:35.354] [INFO] TWEET MODEL MAP - Converting to Twitter model...
[2018-03-14T13:15:35.699] [INFO] TWITTER API - No. of Tweets for query '#bournemouth filter:media -RT' = 15
[2018-03-14T13:15:35.699] [INFO] TWEET MODEL MAP - Converting to Twitter model...
[2018-03-14T13:15:35.727] [INFO] TWITTER API - No. of Tweets for query '#beach filter:media -RT' = 15
[2018-03-14T13:15:35.728] [INFO] TWEET MODEL MAP - Converting to Twitter model...
[2018-03-14T13:15:35.731] [INFO] TWITTER API - Total tweets: 33
[2018-03-14T13:15:35.745] [WARN] TWITTER API - Not adding post containing 'mr_rone_' in username '@Mr_Rone_'
[2018-03-14T13:15:35.745] [WARN] TWITTER API - Not adding post containing 'mr_rone_' in username '@Mr_Rone_'
[2018-03-14T13:15:35.749] [WARN] TWITTER API - Not adding post containing 'mr_rone_' in username '@Mr_Rone_'
[2018-03-14T13:15:35.774] [INFO] TWITTER API - Total filtered tweets: 30
[2018-03-14T13:17:05.656] [INFO] DB - Connecting to MongoDb...
[2018-03-14T13:17:05.919] [INFO] AUTO UPDATER - Updating social media post list...
[2018-03-14T13:17:05.924] [INFO] AUTO UPDATER - Updating app statistics...
[2018-03-14T13:17:05.933] [INFO] default - Server is listening on port: 3000
[2018-03-14T13:17:05.966] [INFO] DB - App successfully connected to MongoDb - Port: 27017 - Db: DevDb
[2018-03-14T13:17:06.002] [INFO] AUTO UPDATER - API refresh set to '1200000' (milliseconds)
[2018-03-14T13:17:06.696] [INFO] TWITTER API - No. of Tweets for query 'from:mr_rone_' = 3
[2018-03-14T13:17:06.696] [INFO] TWEET MODEL MAP - Converting to Twitter model...
[2018-03-14T13:17:06.957] [INFO] TWITTER API - No. of Tweets for query '#bournemouth filter:media -RT' = 15
[2018-03-14T13:17:06.957] [INFO] TWEET MODEL MAP - Converting to Twitter model...
[2018-03-14T13:17:07.075] [INFO] TWITTER API - No. of Tweets for query '#beach filter:media -RT' = 15
[2018-03-14T13:17:07.076] [INFO] TWEET MODEL MAP - Converting to Twitter model...
[2018-03-14T13:17:07.078] [INFO] TWITTER API - Total tweets: 33
[2018-03-14T13:17:07.094] [WARN] TWITTER API - Not adding post containing 'mr_rone_' in username '@Mr_Rone_'
[2018-03-14T13:17:07.094] [WARN] TWITTER API - Not adding post containing 'mr_rone_' in username '@Mr_Rone_'
[2018-03-14T13:17:07.099] [WARN] TWITTER API - Not adding post containing 'mr_rone_' in username '@Mr_Rone_'
[2018-03-14T13:17:07.134] [INFO] TWITTER API - Total filtered tweets: 30
[2018-03-14T13:17:29.086] [INFO] DB - Connecting to MongoDb...
[2018-03-14T13:17:29.322] [INFO] AUTO UPDATER - Updating social media post list...
[2018-03-14T13:17:29.326] [INFO] AUTO UPDATER - Updating app statistics...
[2018-03-14T13:17:29.335] [INFO] default - Server is listening on port: 3000
[2018-03-14T13:17:29.374] [INFO] DB - App successfully connected to MongoDb - Port: 27017 - Db: DevDb
[2018-03-14T13:17:29.419] [INFO] AUTO UPDATER - API refresh set to '900000' (milliseconds)
[2018-03-14T13:17:30.070] [INFO] TWITTER API - No. of Tweets for query 'from:mr_rone_' = 3
[2018-03-14T13:17:30.071] [INFO] TWEET MODEL MAP - Converting to Twitter model...
[2018-03-14T13:17:30.409] [INFO] TWITTER API - No. of Tweets for query '#bournemouth filter:media -RT' = 15
[2018-03-14T13:17:30.409] [INFO] TWEET MODEL MAP - Converting to Twitter model...
[2018-03-14T13:17:30.425] [INFO] TWITTER API - No. of Tweets for query '#beach filter:media -RT' = 15
[2018-03-14T13:17:30.426] [INFO] TWEET MODEL MAP - Converting to Twitter model...
[2018-03-14T13:17:30.428] [INFO] TWITTER API - Total tweets: 33
[2018-03-14T13:17:30.441] [WARN] TWITTER API - Not adding post containing 'mr_rone_' in username '@Mr_Rone_'
[2018-03-14T13:17:30.441] [WARN] TWITTER API - Not adding post containing 'mr_rone_' in username '@Mr_Rone_'
[2018-03-14T13:17:30.445] [WARN] TWITTER API - Not adding post containing 'mr_rone_' in username '@Mr_Rone_'
[2018-03-14T13:17:30.471] [INFO] TWITTER API - Total filtered tweets: 30
[2018-03-14T13:19:59.790] [INFO] DB - Connecting to MongoDb...
[2018-03-14T13:20:00.016] [INFO] AUTO UPDATER - Updating social media post list...
[2018-03-14T13:20:00.020] [INFO] AUTO UPDATER - Updating app statistics...
[2018-03-14T13:20:00.029] [INFO] default - Server is listening on port: 3000
[2018-03-14T13:20:00.063] [INFO] DB - App successfully connected to MongoDb - Port: 27017 - Db: DevDb
[2018-03-14T13:20:00.101] [INFO] AUTO UPDATER - API refresh set to '900000' (milliseconds)
[2018-03-14T13:20:00.746] [INFO] TWITTER API - No. of Tweets for query 'from:mr_rone_' = 3
[2018-03-14T13:20:00.747] [INFO] TWEET MODEL MAP - Converting to Twitter model...
[2018-03-14T13:20:01.069] [INFO] TWITTER API - No. of Tweets for query '#beach filter:media -RT' = 15
[2018-03-14T13:20:01.069] [INFO] TWEET MODEL MAP - Converting to Twitter model...
[2018-03-14T13:20:01.076] [INFO] TWITTER API - No. of Tweets for query '#bournemouth filter:media -RT' = 15
[2018-03-14T13:20:01.076] [INFO] TWEET MODEL MAP - Converting to Twitter model...
[2018-03-14T13:20:01.078] [INFO] TWITTER API - Total tweets: 33
[2018-03-14T13:20:01.088] [WARN] TWITTER API - Not adding post containing 'mr_rone_' in username '@Mr_Rone_'
[2018-03-14T13:20:01.088] [WARN] TWITTER API - Not adding post containing 'mr_rone_' in username '@Mr_Rone_'
[2018-03-14T13:20:01.092] [WARN] TWITTER API - Not adding post containing 'mr_rone_' in username '@Mr_Rone_'
[2018-03-14T13:20:01.117] [INFO] TWITTER API - Total filtered tweets: 30
[2018-03-14T13:20:10.797] [INFO] default - updateRefresh was updated successfully.
[2018-03-14T13:20:10.928] [INFO] default - slideSpeed was updated successfully.
[2018-03-14T13:20:32.819] [INFO] default - slideSpeed was updated successfully.
[2018-03-14T13:20:35.624] [INFO] default - updateRefresh was updated successfully.
[2018-03-14T13:20:40.428] [INFO] default - updateRefresh was updated successfully.
[2018-03-14T13:20:40.429] [INFO] default - slideSpeed was updated successfully.
[2018-03-14T13:22:33.510] [INFO] DB - Connecting to MongoDb...
[2018-03-14T13:22:33.733] [INFO] AUTO UPDATER - Updating social media post list...
[2018-03-14T13:22:33.739] [INFO] AUTO UPDATER - Updating app statistics...
[2018-03-14T13:22:33.748] [INFO] default - Server is listening on port: 3000
[2018-03-14T13:22:33.795] [INFO] DB - App successfully connected to MongoDb - Port: 27017 - Db: DevDb
[2018-03-14T13:22:33.847] [INFO] AUTO UPDATER - API refresh set to '1200000' (milliseconds)
[2018-03-14T13:22:34.512] [INFO] TWITTER API - No. of Tweets for query 'from:mr_rone_' = 3
[2018-03-14T13:22:34.512] [INFO] TWEET MODEL MAP - Converting to Twitter model...
[2018-03-14T13:22:34.866] [INFO] TWITTER API - No. of Tweets for query '#bournemouth filter:media -RT' = 15
[2018-03-14T13:22:34.866] [INFO] TWEET MODEL MAP - Converting to Twitter model...
[2018-03-14T13:22:34.897] [INFO] TWITTER API - No. of Tweets for query '#beach filter:media -RT' = 15
[2018-03-14T13:22:34.898] [INFO] TWEET MODEL MAP - Converting to Twitter model...
[2018-03-14T13:22:34.902] [INFO] TWITTER API - Total tweets: 33
[2018-03-14T13:22:34.914] [WARN] TWITTER API - Not adding post containing 'mr_rone_' in username '@Mr_Rone_'
[2018-03-14T13:22:34.914] [WARN] TWITTER API - Not adding post containing 'mr_rone_' in username '@Mr_Rone_'
[2018-03-14T13:22:34.918] [WARN] TWITTER API - Not adding post containing 'mr_rone_' in username '@Mr_Rone_'
[2018-03-14T13:22:34.943] [INFO] TWITTER API - Total filtered tweets: 30
[2018-03-14T13:22:41.985] [INFO] SETTINGS CTRL - updateRefresh was updated successfully.
[2018-03-14T13:22:41.985] [INFO] SETTINGS CTRL - slideSpeed was updated successfully.
[2018-03-14T13:24:23.208] [INFO] DB - Connecting to MongoDb...
[2018-03-14T13:24:23.472] [INFO] AUTO UPDATER - Updating social media post list...
[2018-03-14T13:24:23.477] [INFO] AUTO UPDATER - Updating app statistics...
[2018-03-14T13:24:23.486] [INFO] default - Server is listening on port: 3000
[2018-03-14T13:24:23.519] [INFO] DB - App successfully connected to MongoDb - Port: 27017 - Db: DevDb
[2018-03-14T13:24:23.554] [INFO] AUTO UPDATER - API refresh set to '900000' (milliseconds)
[2018-03-14T13:24:24.177] [INFO] TWITTER API - No. of Tweets for query 'from:mr_rone_' = 3
[2018-03-14T13:24:24.178] [INFO] TWEET MODEL MAP - Converting to Twitter model...
[2018-03-14T13:24:24.480] [INFO] TWITTER API - No. of Tweets for query '#bournemouth filter:media -RT' = 15
[2018-03-14T13:24:24.480] [INFO] TWEET MODEL MAP - Converting to Twitter model...
[2018-03-14T13:24:24.496] [INFO] TWITTER API - No. of Tweets for query '#beach filter:media -RT' = 15
[2018-03-14T13:24:24.496] [INFO] TWEET MODEL MAP - Converting to Twitter model...
[2018-03-14T13:24:24.498] [INFO] TWITTER API - Total tweets: 33
[2018-03-14T13:24:24.511] [WARN] TWITTER API - Not adding post containing 'mr_rone_' in username '@Mr_Rone_'
[2018-03-14T13:24:24.511] [WARN] TWITTER API - Not adding post containing 'mr_rone_' in username '@Mr_Rone_'
[2018-03-14T13:24:24.515] [WARN] TWITTER API - Not adding post containing 'mr_rone_' in username '@Mr_Rone_'
[2018-03-14T13:24:24.540] [INFO] TWITTER API - Total filtered tweets: 30
[2018-03-14T13:26:38.819] [INFO] DB - Connecting to MongoDb...
[2018-03-14T13:26:39.048] [INFO] AUTO UPDATER - Updating social media post list...
[2018-03-14T13:26:39.053] [INFO] AUTO UPDATER - Updating app statistics...
[2018-03-14T13:26:39.062] [INFO] default - Server is listening on port: 3000
[2018-03-14T13:26:39.113] [INFO] DB - App successfully connected to MongoDb - Port: 27017 - Db: DevDb
[2018-03-14T13:26:39.167] [INFO] AUTO UPDATER - API refresh set to '900000' (milliseconds)
[2018-03-14T13:26:39.798] [INFO] TWITTER API - No. of Tweets for query 'from:mr_rone_' = 3
[2018-03-14T13:26:39.799] [INFO] TWEET MODEL MAP - Converting to Twitter model...
[2018-03-14T13:26:40.093] [INFO] TWITTER API - No. of Tweets for query '#bournemouth filter:media -RT' = 15
[2018-03-14T13:26:40.093] [INFO] TWEET MODEL MAP - Converting to Twitter model...
[2018-03-14T13:26:40.196] [INFO] TWITTER API - No. of Tweets for query '#beach filter:media -RT' = 15
[2018-03-14T13:26:40.196] [INFO] TWEET MODEL MAP - Converting to Twitter model...
[2018-03-14T13:26:40.200] [INFO] TWITTER API - Total tweets: 33
[2018-03-14T13:26:40.240] [INFO] TWITTER API - Total filtered tweets: 33
[2018-03-14T13:26:54.860] [INFO] default - Word '5aa92318f273811f226989f6' deleted.
[2018-03-14T13:28:51.130] [INFO] DB - Connecting to MongoDb...
[2018-03-14T13:28:51.423] [INFO] AUTO UPDATER - Updating social media post list...
[2018-03-14T13:28:51.428] [INFO] AUTO UPDATER - Updating app statistics...
[2018-03-14T13:28:51.437] [INFO] default - Server is listening on port: 3000
[2018-03-14T13:28:51.495] [INFO] DB - App successfully connected to MongoDb - Port: 27017 - Db: DevDb
[2018-03-14T13:28:51.535] [INFO] AUTO UPDATER - API refresh set to '900000' (milliseconds)
[2018-03-14T13:28:52.332] [INFO] DB - Connecting to MongoDb...
[2018-03-14T13:28:52.693] [INFO] AUTO UPDATER - Updating social media post list...
[2018-03-14T13:28:52.701] [INFO] AUTO UPDATER - Updating app statistics...
[2018-03-14T13:28:52.717] [INFO] default - Server is listening on port: 3000
[2018-03-14T13:28:52.763] [INFO] DB - App successfully connected to MongoDb - Port: 27017 - Db: DevDb
[2018-03-14T13:28:52.797] [INFO] AUTO UPDATER - API refresh set to '900000' (milliseconds)
[2018-03-14T13:28:53.428] [INFO] TWITTER API - No. of Tweets for query 'from:mr_rone_' = 3
[2018-03-14T13:28:53.429] [INFO] TWEET MODEL MAP - Converting to Twitter model...
[2018-03-14T13:28:53.759] [INFO] TWITTER API - No. of Tweets for query '#beach filter:media -RT' = 15
[2018-03-14T13:28:53.759] [INFO] TWEET MODEL MAP - Converting to Twitter model...
[2018-03-14T13:28:53.811] [INFO] TWITTER API - No. of Tweets for query '#bournemouth filter:media -RT' = 15
[2018-03-14T13:28:53.812] [INFO] TWEET MODEL MAP - Converting to Twitter model...
[2018-03-14T13:28:53.816] [INFO] TWITTER API - Total tweets: 33
[2018-03-14T13:28:53.856] [INFO] TWITTER API - Total filtered tweets: 33
[2018-03-14T13:28:59.746] [INFO] SETTINGS CTRL - slideSpeed was updated successfully.
[2018-03-14T13:29:09.477] [INFO] SETTINGS CTRL - updateRefresh was updated successfully.
[2018-03-14T13:29:13.445] [INFO] SETTINGS CTRL - updateRefresh was updated successfully.
[2018-03-14T13:29:19.288] [INFO] SETTINGS CTRL - slideSpeed was updated successfully.
[2018-03-14T13:29:23.224] [INFO] SETTINGS CTRL - updateRefresh was updated successfully.
[2018-03-14T13:30:08.563] [INFO] DB - Connecting to MongoDb...
[2018-03-14T13:30:08.798] [INFO] AUTO UPDATER - Updating social media post list...
[2018-03-14T13:30:08.803] [INFO] AUTO UPDATER - Updating app statistics...
[2018-03-14T13:30:08.812] [INFO] default - Server is listening on port: 3000
[2018-03-14T13:30:08.852] [INFO] DB - App successfully connected to MongoDb - Port: 27017 - Db: DevDb
[2018-03-14T13:30:08.886] [INFO] AUTO UPDATER - API refresh set to '1020000' (milliseconds)
[2018-03-14T13:30:09.539] [INFO] TWITTER API - No. of Tweets for query 'from:mr_rone_' = 3
[2018-03-14T13:30:09.540] [INFO] TWEET MODEL MAP - Converting to Twitter model...
[2018-03-14T13:30:09.841] [INFO] TWITTER API - No. of Tweets for query '#beach filter:media -RT' = 15
[2018-03-14T13:30:09.842] [INFO] TWEET MODEL MAP - Converting to Twitter model...
[2018-03-14T13:30:09.854] [INFO] TWITTER API - No. of Tweets for query '#bournemouth filter:media -RT' = 15
[2018-03-14T13:30:09.854] [INFO] TWEET MODEL MAP - Converting to Twitter model...
[2018-03-14T13:30:09.856] [INFO] TWITTER API - Total tweets: 33
[2018-03-14T13:30:09.895] [INFO] TWITTER API - Total filtered tweets: 33
[2018-03-14T13:30:23.411] [INFO] SETTINGS CTRL - updateRefresh was updated successfully.
[2018-03-14T13:31:57.712] [INFO] DB - Connecting to MongoDb...
[2018-03-14T13:31:57.956] [INFO] AUTO UPDATER - Updating social media post list...
[2018-03-14T13:31:57.961] [INFO] AUTO UPDATER - Updating app statistics...
[2018-03-14T13:31:57.971] [INFO] default - Server is listening on port: 3000
[2018-03-14T13:31:58.003] [INFO] DB - App successfully connected to MongoDb - Port: 27017 - Db: DevDb
[2018-03-14T13:31:58.035] [INFO] AUTO UPDATER - API refresh set to '1200000' (milliseconds)
[2018-03-14T13:31:58.655] [INFO] TWITTER API - No. of Tweets for query 'from:mr_rone_' = 3
[2018-03-14T13:31:58.656] [INFO] TWEET MODEL MAP - Converting to Twitter model...
[2018-03-14T13:31:58.954] [INFO] TWITTER API - No. of Tweets for query '#bournemouth filter:media -RT' = 15
[2018-03-14T13:31:58.955] [INFO] TWEET MODEL MAP - Converting to Twitter model...
[2018-03-14T13:31:59.081] [INFO] TWITTER API - No. of Tweets for query '#beach filter:media -RT' = 15
[2018-03-14T13:31:59.082] [INFO] TWEET MODEL MAP - Converting to Twitter model...
[2018-03-14T13:31:59.086] [INFO] TWITTER API - Total tweets: 33
[2018-03-14T13:31:59.131] [INFO] TWITTER API - Total filtered tweets: 33
[2018-03-14T13:32:06.817] [INFO] SETTINGS CTRL - slideSpeed was updated successfully.
[2018-03-14T13:32:06.818] [INFO] SETTINGS CTRL - updateRefresh was updated successfully.
[2018-03-14T13:32:10.323] [INFO] SETTINGS CTRL - slideSpeed was updated successfully.
[2018-03-14T13:32:14.493] [INFO] SETTINGS CTRL - updateRefresh was updated successfully.
[2018-03-14T13:32:21.801] [INFO] SETTINGS CTRL - slideSpeed was updated successfully.
[2018-03-14T13:32:21.802] [INFO] SETTINGS CTRL - updateRefresh was updated successfully.
[2018-03-14T13:33:35.394] [INFO] DB - Connecting to MongoDb...
[2018-03-14T13:33:35.637] [INFO] AUTO UPDATER - Updating social media post list...
[2018-03-14T13:33:35.643] [INFO] AUTO UPDATER - Updating app statistics...
[2018-03-14T13:33:35.656] [INFO] default - Server is listening on port: 3000
[2018-03-14T13:33:35.690] [INFO] DB - App successfully connected to MongoDb - Port: 27017 - Db: DevDb
[2018-03-14T13:33:35.723] [INFO] AUTO UPDATER - API refresh set to '1320000' (milliseconds)
[2018-03-14T13:33:36.365] [INFO] TWITTER API - No. of Tweets for query 'from:mr_rone_' = 3
[2018-03-14T13:33:36.366] [INFO] TWEET MODEL MAP - Converting to Twitter model...
[2018-03-14T13:33:36.656] [INFO] TWITTER API - No. of Tweets for query '#beach filter:media -RT' = 15
[2018-03-14T13:33:36.656] [INFO] TWEET MODEL MAP - Converting to Twitter model...
[2018-03-14T13:33:37.300] [INFO] TWITTER API - No. of Tweets for query '#bournemouth filter:media -RT' = 15
[2018-03-14T13:33:37.300] [INFO] TWEET MODEL MAP - Converting to Twitter model...
[2018-03-14T13:33:37.304] [INFO] TWITTER API - Total tweets: 33
[2018-03-14T13:33:37.362] [INFO] TWITTER API - Total filtered tweets: 33
[2018-03-14T13:34:23.367] [INFO] SETTINGS CTRL - Word '5aa924da3e422820a23907ba' deleted.
[2018-03-14T13:51:07.390] [INFO] DB - Connecting to MongoDb...
[2018-03-14T13:51:07.639] [INFO] AUTO UPDATER - Updating social media post list...
[2018-03-14T13:51:07.645] [INFO] AUTO UPDATER - Updating app statistics...
[2018-03-14T13:51:07.654] [INFO] default - Server is listening on port: 3000
[2018-03-14T13:51:07.684] [INFO] DB - App successfully connected to MongoDb - Port: 27017 - Db: DevDb
[2018-03-14T13:51:07.716] [INFO] AUTO UPDATER - API refresh set to '1320000' (milliseconds)
[2018-03-14T13:51:08.345] [INFO] TWITTER API - No. of Tweets for query 'from:mr_rone_' = 3
[2018-03-14T13:51:08.346] [INFO] TWEET MODEL MAP - Converting to Twitter model...
[2018-03-14T13:51:08.647] [INFO] TWITTER API - No. of Tweets for query '#bournemouth filter:media -RT' = 15
[2018-03-14T13:51:08.647] [INFO] TWEET MODEL MAP - Converting to Twitter model...
[2018-03-14T13:51:08.672] [INFO] TWITTER API - No. of Tweets for query '#beach filter:media -RT' = 15
[2018-03-14T13:51:08.672] [INFO] TWEET MODEL MAP - Converting to Twitter model...
[2018-03-14T13:51:08.676] [INFO] TWITTER API - Total tweets: 33
[2018-03-14T13:51:08.716] [INFO] TWITTER API - Total filtered tweets: 33
[2018-03-14T13:51:08.716] [INFO] SLIDE CTRL - No. of Tweets to check 33.
[2018-03-14T13:51:08.732] [INFO] SLIDE CTRL - Check complete.
[2018-03-14T13:51:08.732] [INFO] SLIDE CTRL - No. of filtered Tweets to add: 33
[2018-03-14T13:51:08.732] [INFO] SLIDE CTRL - Total added: 0 - Total not added: 33
[2018-03-14T13:55:37.233] [INFO] DB - Connecting to MongoDb...
[2018-03-14T13:55:37.474] [INFO] AUTO UPDATER - Updating social media post list...
[2018-03-14T13:55:37.479] [INFO] AUTO UPDATER - Updating app statistics...
[2018-03-14T13:55:37.487] [INFO] default - Server is listening on port: 3000
[2018-03-14T13:55:37.518] [INFO] DB - App successfully connected to MongoDb - Port: 27017 - Db: DevDb
[2018-03-14T13:55:37.551] [INFO] AUTO UPDATER - API refresh set to '1320000' (milliseconds)
[2018-03-14T13:55:38.269] [INFO] TWITTER API - No. of Tweets for query 'from:mr_rone_' = 3
[2018-03-14T13:55:38.566] [INFO] TWITTER API - No. of Tweets for query '#bournemouth filter:media -RT' = 15
[2018-03-14T13:55:38.660] [INFO] TWITTER API - No. of Tweets for query '#beach filter:media -RT' = 15
[2018-03-14T13:55:38.664] [INFO] TWITTER API - Total tweets: 33
[2018-03-14T13:55:38.702] [INFO] TWITTER API - Total filtered tweets: 33
[2018-03-14T13:55:38.702] [INFO] SLIDE CTRL - No. of Tweets to check 33.
[2018-03-14T13:55:38.718] [INFO] SLIDE CTRL - Check complete.
[2018-03-14T13:55:38.718] [INFO] SLIDE CTRL - No. of filtered Tweets to add: 33
[2018-03-14T13:55:38.718] [INFO] SLIDE CTRL - Total added: 0 - Total not added: 33
[2018-03-14T13:55:44.876] [INFO] SETTINGS CTRL - updateRefresh was updated successfully.
[2018-03-14T13:55:47.832] [INFO] DB - Connecting to MongoDb...
[2018-03-14T13:55:48.064] [INFO] AUTO UPDATER - Updating social media post list...
[2018-03-14T13:55:48.070] [INFO] AUTO UPDATER - Updating app statistics...
[2018-03-14T13:55:48.079] [INFO] default - Server is listening on port: 3000
[2018-03-14T13:55:48.110] [INFO] DB - App successfully connected to MongoDb - Port: 27017 - Db: DevDb
[2018-03-14T13:55:48.141] [INFO] AUTO UPDATER - API refresh set to '900000' (milliseconds)
[2018-03-14T13:55:48.744] [INFO] TWITTER API - No. of Tweets for query 'from:mr_rone_' = 3
[2018-03-14T13:55:49.090] [INFO] TWITTER API - No. of Tweets for query '#bournemouth filter:media -RT' = 15
[2018-03-14T13:55:49.103] [INFO] TWITTER API - No. of Tweets for query '#beach filter:media -RT' = 15
[2018-03-14T13:55:49.106] [INFO] TWITTER API - Total tweets: 33
[2018-03-14T13:55:49.145] [INFO] TWITTER API - Total filtered tweets: 33
[2018-03-14T13:55:49.145] [INFO] SLIDE CTRL - No. of Tweets to check 33.
[2018-03-14T13:55:49.161] [INFO] SLIDE CTRL - Check complete.
[2018-03-14T13:55:49.161] [INFO] SLIDE CTRL - No. of filtered Tweets to add: 33
[2018-03-14T13:55:49.161] [INFO] SLIDE CTRL - Total added: 0 - Total not added: 33
[2018-03-14T13:56:19.453] [INFO] DB - Connecting to MongoDb...
[2018-03-14T13:56:19.681] [INFO] AUTO UPDATER - Updating social media post list...
[2018-03-14T13:56:19.686] [INFO] AUTO UPDATER - Updating app statistics...
[2018-03-14T13:56:19.696] [INFO] default - Server is listening on port: 3000
[2018-03-14T13:56:19.734] [INFO] DB - App successfully connected to MongoDb - Port: 27017 - Db: DevDb
[2018-03-14T13:56:19.788] [INFO] AUTO UPDATER - API refresh set to '900000' (milliseconds)
[2018-03-14T13:56:20.431] [INFO] TWITTER API - No. of Tweets for query 'from:mr_rone_' = 3
[2018-03-14T13:56:20.700] [INFO] TWITTER API - No. of Tweets for query '#bournemouth filter:media -RT' = 15
[2018-03-14T13:56:20.725] [INFO] TWITTER API - No. of Tweets for query '#beach filter:media -RT' = 15
[2018-03-14T13:56:20.729] [INFO] TWITTER API - Total tweets: 33
[2018-03-14T13:56:20.772] [INFO] TWITTER API - Total filtered tweets: 33
[2018-03-14T13:56:20.773] [INFO] SLIDE CTRL - No. of Tweets to check 33.
[2018-03-14T13:56:20.789] [INFO] SLIDE CTRL - Check complete.
[2018-03-14T13:56:20.790] [INFO] SLIDE CTRL - No. of filtered Tweets to add: 33
[2018-03-14T13:56:20.790] [INFO] SLIDE CTRL - Total added: 0 - Total not added: 33
[2018-03-14T14:04:20.078] [INFO] DB - Connecting to MongoDb...
[2018-03-14T14:04:20.299] [INFO] AUTO UPDATER - Updating social media post list...
[2018-03-14T14:04:20.304] [INFO] AUTO UPDATER - Updating app statistics...
[2018-03-14T14:04:20.314] [INFO] default - Server is listening on port: 3000
[2018-03-14T14:04:20.345] [INFO] DB - App successfully connected to MongoDb - Port: 27017 - Db: DevDb
[2018-03-14T14:04:20.386] [INFO] AUTO UPDATER - API refresh set to '900000' (milliseconds)
[2018-03-14T14:04:20.989] [INFO] TWITTER API - No. of Tweets for query 'from:mr_rone_' = 3
[2018-03-14T14:04:21.346] [INFO] TWITTER API - No. of Tweets for query '#bournemouth filter:media -RT' = 15
[2018-03-14T14:04:21.400] [INFO] TWITTER API - No. of Tweets for query '#beach filter:media -RT' = 15
[2018-03-14T14:04:21.405] [INFO] TWITTER API - Total tweets: 33
[2018-03-14T14:04:21.443] [INFO] TWITTER API - Total filtered tweets: 33
[2018-03-14T14:04:21.443] [INFO] SLIDE CTRL - No. of Tweets to check 33.
[2018-03-14T14:04:21.452] [INFO] SLIDE CTRL - Check complete.
[2018-03-14T14:04:21.452] [INFO] SLIDE CTRL - No. of filtered Tweets to add: 33
[2018-03-14T14:04:21.462] [INFO] SLIDE CTRL - Total added: 33 - Total not added: 0
[2018-03-14T14:19:20.391] [INFO] AUTO UPDATER - Updating social media post list...
[2018-03-14T14:19:20.392] [INFO] AUTO UPDATER - Updating app statistics...
[2018-03-14T14:19:20.709] [INFO] TWITTER API - No. of Tweets for query 'from:mr_rone_' = 3
[2018-03-14T14:19:20.758] [INFO] TWITTER API - No. of Tweets for query '#bournemouth filter:media -RT' = 15
[2018-03-14T14:19:20.958] [INFO] TWITTER API - No. of Tweets for query '#beach filter:media -RT' = 15
[2018-03-14T14:19:20.963] [INFO] TWITTER API - Total tweets: 33
[2018-03-14T14:19:21.003] [INFO] TWITTER API - Total filtered tweets: 33
[2018-03-14T14:19:21.004] [INFO] SLIDE CTRL - No. of Tweets to check 33.
[2018-03-14T14:19:21.020] [INFO] SLIDE CTRL - Check complete.
[2018-03-14T14:19:21.020] [INFO] SLIDE CTRL - No. of filtered Tweets to add: 33
[2018-03-14T14:19:21.021] [INFO] SLIDE CTRL - Total added: 1 - Total not added: 32
[2018-03-14T14:34:20.395] [INFO] AUTO UPDATER - Updating social media post list...
[2018-03-14T14:34:20.396] [INFO] AUTO UPDATER - Updating app statistics...
[2018-03-14T14:34:20.718] [INFO] TWITTER API - No. of Tweets for query 'from:mr_rone_' = 3
[2018-03-14T14:34:20.751] [INFO] TWITTER API - No. of Tweets for query '#beach filter:media -RT' = 15
[2018-03-14T14:34:20.924] [INFO] TWITTER API - No. of Tweets for query '#bournemouth filter:media -RT' = 15
[2018-03-14T14:34:20.929] [INFO] TWITTER API - Total tweets: 33
[2018-03-14T14:34:20.970] [INFO] TWITTER API - Total filtered tweets: 33
[2018-03-14T14:34:20.970] [INFO] SLIDE CTRL - No. of Tweets to check 33.
[2018-03-14T14:34:20.990] [INFO] SLIDE CTRL - Check complete.
[2018-03-14T14:34:20.990] [INFO] SLIDE CTRL - No. of filtered Tweets to add: 33
[2018-03-14T14:34:20.991] [INFO] SLIDE CTRL - Total added: 2 - Total not added: 31
[2018-03-14T14:37:48.404] [INFO] SLIDE CTRL - ** Next post - Date: Wed Mar 14 2018 14:26:00 GMT+0000 (GMT) - Times used: 0 **
[2018-03-14T14:37:48.409] [INFO] SLIDE CTRL - Times used today was 0 now 1.
[2018-03-14T14:37:58.405] [INFO] SLIDE CTRL - ** Next post - Date: Wed Mar 14 2018 14:06:03 GMT+0000 (GMT) - Times used: 0 **
[2018-03-14T14:37:58.437] [INFO] SLIDE CTRL - Times used today was 0 now 1.
[2018-03-14T14:38:08.396] [INFO] SLIDE CTRL - ** Next post - Date: Wed Mar 14 2018 13:29:35 GMT+0000 (GMT) - Times used: 0 **
[2018-03-14T14:38:08.398] [INFO] SLIDE CTRL - Times used today was 0 now 1.
[2018-03-14T14:38:18.395] [INFO] SLIDE CTRL - ** Next post - Date: Wed Mar 14 2018 13:24:05 GMT+0000 (GMT) - Times used: 0 **
[2018-03-14T14:38:18.398] [INFO] SLIDE CTRL - Times used today was 0 now 1.
[2018-03-14T14:38:28.396] [INFO] SLIDE CTRL - ** Next post - Date: Wed Mar 14 2018 13:14:13 GMT+0000 (GMT) - Times used: 0 **
[2018-03-14T14:38:28.400] [INFO] SLIDE CTRL - Times used today was 0 now 1.
[2018-03-14T14:38:38.396] [INFO] SLIDE CTRL - ** Next post - Date: Wed Mar 14 2018 13:01:23 GMT+0000 (GMT) - Times used: 0 **
[2018-03-14T14:38:38.399] [INFO] SLIDE CTRL - Times used today was 0 now 1.
[2018-03-14T14:38:48.397] [INFO] SLIDE CTRL - ** Next post - Date: Wed Mar 14 2018 12:49:23 GMT+0000 (GMT) - Times used: 0 **
[2018-03-14T14:38:48.400] [INFO] SLIDE CTRL - Times used today was 0 now 1.
[2018-03-14T14:38:58.396] [INFO] SLIDE CTRL - ** Next post - Date: Wed Mar 14 2018 12:45:10 GMT+0000 (GMT) - Times used: 0 **
[2018-03-14T14:38:58.398] [INFO] SLIDE CTRL - Times used today was 0 now 1.
[2018-03-14T14:39:08.399] [INFO] SLIDE CTRL - ** Next post - Date: Wed Mar 14 2018 12:08:09 GMT+0000 (GMT) - Times used: 0 **
[2018-03-14T14:39:08.401] [INFO] SLIDE CTRL - Times used today was 0 now 1.
[2018-03-14T14:39:18.399] [INFO] SLIDE CTRL - ** Next post - Date: Wed Mar 14 2018 11:55:09 GMT+0000 (GMT) - Times used: 0 **
[2018-03-14T14:39:18.402] [INFO] SLIDE CTRL - Times used today was 0 now 1.
[2018-03-14T14:39:28.398] [INFO] SLIDE CTRL - ** Next post - Date: Wed Mar 14 2018 11:55:05 GMT+0000 (GMT) - Times used: 0 **
[2018-03-14T14:39:28.401] [INFO] SLIDE CTRL - Times used today was 0 now 1.
[2018-03-14T14:39:38.398] [INFO] SLIDE CTRL - ** Next post - Date: Wed Mar 14 2018 11:47:51 GMT+0000 (GMT) - Times used: 0 **
[2018-03-14T14:39:38.401] [INFO] SLIDE CTRL - Times used today was 0 now 1.
[2018-03-14T14:39:48.399] [INFO] SLIDE CTRL - ** Next post - Date: Wed Mar 14 2018 11:45:11 GMT+0000 (GMT) - Times used: 0 **
[2018-03-14T14:39:48.402] [INFO] SLIDE CTRL - Times used today was 0 now 1.
[2018-03-14T14:39:58.399] [INFO] SLIDE CTRL - ** Next post - Date: Wed Mar 14 2018 11:34:01 GMT+0000 (GMT) - Times used: 0 **
[2018-03-14T14:39:58.402] [INFO] SLIDE CTRL - Times used today was 0 now 1.
[2018-03-14T14:40:08.396] [INFO] SLIDE CTRL - ** Next post - Date: Wed Mar 14 2018 11:22:17 GMT+0000 (GMT) - Times used: 0 **
[2018-03-14T14:40:08.398] [INFO] SLIDE CTRL - Times used today was 0 now 1.
[2018-03-14T14:40:10.238] [INFO] DB - Connecting to MongoDb...
[2018-03-14T14:40:10.578] [INFO] AUTO UPDATER - Updating social media post list...
[2018-03-14T14:40:10.584] [INFO] AUTO UPDATER - Updating app statistics...
[2018-03-14T14:40:10.598] [INFO] default - Server is listening on port: 3000
[2018-03-14T14:40:10.645] [INFO] DB - App successfully connected to MongoDb - Port: 27017 - Db: DevDb
[2018-03-14T14:40:10.681] [INFO] AUTO UPDATER - API refresh set to '900000' (milliseconds)
[2018-03-14T14:40:11.672] [INFO] DB - Connecting to MongoDb...
[2018-03-14T14:40:11.931] [INFO] AUTO UPDATER - Updating social media post list...
[2018-03-14T14:40:11.939] [INFO] AUTO UPDATER - Updating app statistics...
[2018-03-14T14:40:11.954] [INFO] default - Server is listening on port: 3000
[2018-03-14T14:40:12.019] [INFO] DB - App successfully connected to MongoDb - Port: 27017 - Db: DevDb
[2018-03-14T14:40:12.078] [INFO] AUTO UPDATER - API refresh set to '900000' (milliseconds)
[2018-03-14T14:40:12.703] [INFO] TWITTER API - No. of Tweets for query 'from:mr_rone_' = 3
[2018-03-14T14:40:12.954] [INFO] TWITTER API - No. of Tweets for query '#bournemouth filter:media -RT' = 15
[2018-03-14T14:40:12.988] [INFO] TWITTER API - No. of Tweets for query '#beach filter:media -RT' = 15
[2018-03-14T14:40:12.992] [INFO] TWITTER API - Total tweets: 33
[2018-03-14T14:40:13.031] [INFO] TWITTER API - Total filtered tweets: 33
[2018-03-14T14:40:13.031] [INFO] SLIDE CTRL - No. of Tweets to check 33.
[2018-03-14T14:40:13.046] [INFO] SLIDE CTRL - Check complete.
[2018-03-14T14:40:13.046] [INFO] SLIDE CTRL - No. of filtered Tweets to add: 33
[2018-03-14T14:40:13.049] [INFO] SLIDE CTRL - Total added: 1 - Total not added: 32
[2018-03-14T14:40:18.414] [INFO] SLIDE CTRL - ** Next post - Date: Wed Mar 14 2018 14:36:36 GMT+0000 (GMT) - Times used: 0 **
[2018-03-14T14:40:28.402] [INFO] SLIDE CTRL - ** Next post - Date: Wed Mar 14 2018 11:00:14 GMT+0000 (GMT) - Times used: 0 **
[2018-03-14T14:40:38.405] [INFO] SLIDE CTRL - ** Next post - Date: Wed Mar 14 2018 10:40:01 GMT+0000 (GMT) - Times used: 0 **
[2018-03-14T14:40:48.400] [INFO] SLIDE CTRL - ** Next post - Date: Wed Mar 14 2018 10:40:01 GMT+0000 (GMT) - Times used: 0 **
[2018-03-14T14:40:58.401] [INFO] SLIDE CTRL - ** Next post - Date: Wed Mar 14 2018 07:44:24 GMT+0000 (GMT) - Times used: 0 **
[2018-03-14T14:41:08.402] [INFO] SLIDE CTRL - ** Next post - Date: Wed Mar 14 2018 06:55:35 GMT+0000 (GMT) - Times used: 0 **
[2018-03-14T14:41:18.402] [INFO] SLIDE CTRL - ** Next post - Date: Tue Mar 13 2018 20:53:02 GMT+0000 (GMT) - Times used: 0 **
[2018-03-14T14:41:28.402] [INFO] SLIDE CTRL - ** Next post - Date: Tue Mar 13 2018 19:47:52 GMT+0000 (GMT) - Times used: 0 **
[2018-03-14T14:41:38.402] [INFO] SLIDE CTRL - ** Next post - Date: Tue Mar 13 2018 17:00:59 GMT+0000 (GMT) - Times used: 0 **
[2018-03-14T14:41:48.403] [INFO] SLIDE CTRL - ** Next post - Date: Tue Mar 13 2018 15:29:43 GMT+0000 (GMT) - Times used: 0 **
[2018-03-14T14:44:05.662] [INFO] DB - Connecting to MongoDb...
[2018-03-14T14:44:05.896] [INFO] AUTO UPDATER - Updating social media post list...
[2018-03-14T14:44:05.901] [INFO] AUTO UPDATER - Updating app statistics...
[2018-03-14T14:44:05.909] [INFO] default - Server is listening on port: 3000
[2018-03-14T14:44:05.940] [INFO] DB - App successfully connected to MongoDb - Port: 27017 - Db: DevDb
[2018-03-14T14:44:05.972] [INFO] AUTO UPDATER - API refresh set to '900000' (milliseconds)
[2018-03-14T14:44:06.619] [INFO] TWITTER API - No. of Tweets for query 'from:mr_rone_' = 3
[2018-03-14T14:44:06.934] [INFO] TWITTER API - No. of Tweets for query '#bournemouth filter:media -RT' = 15
[2018-03-14T14:44:07.026] [INFO] TWITTER API - No. of Tweets for query '#beach filter:media -RT' = 15
[2018-03-14T14:44:07.028] [INFO] TWITTER API - Total tweets: 33
[2018-03-14T14:44:07.066] [INFO] TWITTER API - Total filtered tweets: 33
[2018-03-14T14:44:07.066] [INFO] SLIDE CTRL - No. of Tweets to check 33.
[2018-03-14T14:44:07.075] [INFO] SLIDE CTRL - Check complete.
[2018-03-14T14:44:07.075] [INFO] SLIDE CTRL - No. of filtered Tweets to add: 33
[2018-03-14T14:44:07.086] [INFO] SLIDE CTRL - Total added: 33 - Total not added: 0
[2018-03-14T14:44:08.422] [INFO] SLIDE CTRL - ** Next post - Date: Wed Mar 14 2018 14:36:36 GMT+0000 (GMT) - Times used: 0 **
[2018-03-14T14:44:18.415] [INFO] SLIDE CTRL - ** Next post - Date: Wed Mar 14 2018 14:26:00 GMT+0000 (GMT) - Times used: 0 **
[2018-03-14T14:44:28.412] [INFO] SLIDE CTRL - ** Next post - Date: Wed Mar 14 2018 14:06:03 GMT+0000 (GMT) - Times used: 0 **
[2018-03-14T14:44:38.412] [INFO] SLIDE CTRL - ** Next post - Date: Wed Mar 14 2018 13:29:35 GMT+0000 (GMT) - Times used: 0 **
[2018-03-14T14:44:48.412] [INFO] SLIDE CTRL - ** Next post - Date: Wed Mar 14 2018 13:24:05 GMT+0000 (GMT) - Times used: 0 **
[2018-03-14T14:44:58.413] [INFO] SLIDE CTRL - ** Next post - Date: Wed Mar 14 2018 13:14:13 GMT+0000 (GMT) - Times used: 0 **
[2018-03-14T14:45:08.413] [INFO] SLIDE CTRL - ** Next post - Date: Wed Mar 14 2018 13:01:23 GMT+0000 (GMT) - Times used: 0 **
[2018-03-14T14:45:18.413] [INFO] SLIDE CTRL - ** Next post - Date: Wed Mar 14 2018 12:49:23 GMT+0000 (GMT) - Times used: 0 **
[2018-03-14T14:45:28.414] [INFO] SLIDE CTRL - ** Next post - Date: Wed Mar 14 2018 12:45:10 GMT+0000 (GMT) - Times used: 0 **
[2018-03-14T14:45:38.415] [INFO] SLIDE CTRL - ** Next post - Date: Wed Mar 14 2018 12:08:09 GMT+0000 (GMT) - Times used: 0 **
[2018-03-14T14:45:48.420] [INFO] SLIDE CTRL - ** Next post - Date: Wed Mar 14 2018 11:55:09 GMT+0000 (GMT) - Times used: 0 **
[2018-03-14T14:45:58.417] [INFO] SLIDE CTRL - ** Next post - Date: Wed Mar 14 2018 11:55:05 GMT+0000 (GMT) - Times used: 0 **
[2018-03-14T14:46:08.416] [INFO] SLIDE CTRL - ** Next post - Date: Wed Mar 14 2018 11:47:51 GMT+0000 (GMT) - Times used: 0 **
[2018-03-14T14:46:18.415] [INFO] SLIDE CTRL - ** Next post - Date: Wed Mar 14 2018 11:34:01 GMT+0000 (GMT) - Times used: 0 **
[2018-03-14T14:46:28.417] [INFO] SLIDE CTRL - ** Next post - Date: Wed Mar 14 2018 11:22:17 GMT+0000 (GMT) - Times used: 0 **
[2018-03-14T14:46:38.417] [INFO] SLIDE CTRL - ** Next post - Date: Wed Mar 14 2018 11:00:14 GMT+0000 (GMT) - Times used: 0 **
[2018-03-14T14:46:48.419] [INFO] SLIDE CTRL - ** Next post - Date: Wed Mar 14 2018 10:40:01 GMT+0000 (GMT) - Times used: 0 **
[2018-03-14T14:46:58.419] [INFO] SLIDE CTRL - ** Next post - Date: Wed Mar 14 2018 07:44:24 GMT+0000 (GMT) - Times used: 0 **
[2018-03-14T14:47:08.421] [INFO] SLIDE CTRL - ** Next post - Date: Wed Mar 14 2018 06:55:35 GMT+0000 (GMT) - Times used: 0 **
[2018-03-14T14:47:18.421] [INFO] SLIDE CTRL - ** Next post - Date: Tue Mar 13 2018 20:53:02 GMT+0000 (GMT) - Times used: 0 **
[2018-03-14T14:47:28.421] [INFO] SLIDE CTRL - ** Next post - Date: Tue Mar 13 2018 19:47:52 GMT+0000 (GMT) - Times used: 0 **
[2018-03-14T14:47:38.421] [INFO] SLIDE CTRL - ** Next post - Date: Tue Mar 13 2018 17:00:59 GMT+0000 (GMT) - Times used: 0 **
[2018-03-14T14:47:48.422] [INFO] SLIDE CTRL - ** Next post - Date: Tue Mar 13 2018 15:29:43 GMT+0000 (GMT) - Times used: 0 **
[2018-03-14T14:47:58.423] [INFO] SLIDE CTRL - ** Next post - Date: Tue Mar 13 2018 11:40:55 GMT+0000 (GMT) - Times used: 0 **
[2018-03-14T14:48:08.423] [INFO] SLIDE CTRL - ** Next post - Date: Mon Mar 12 2018 20:12:08 GMT+0000 (GMT) - Times used: 0 **
[2018-03-14T14:48:18.423] [INFO] SLIDE CTRL - ** Next post - Date: Mon Mar 12 2018 14:00:28 GMT+0000 (GMT) - Times used: 0 **
[2018-03-14T14:48:28.424] [INFO] SLIDE CTRL - ** Next post - Date: Mon Mar 12 2018 13:17:34 GMT+0000 (GMT) - Times used: 0 **
[2018-03-14T14:48:38.467] [INFO] SLIDE CTRL - ** Next post - Date: Sun Mar 11 2018 22:56:05 GMT+0000 (GMT) - Times used: 0 **
[2018-03-14T14:49:36.187] [INFO] DB - Connecting to MongoDb...
[2018-03-14T14:49:36.427] [INFO] AUTO UPDATER - Updating social media post list...
[2018-03-14T14:49:36.432] [INFO] AUTO UPDATER - Updating app statistics...
[2018-03-14T14:49:36.441] [INFO] default - Server is listening on port: 3000
[2018-03-14T14:49:36.471] [INFO] DB - App successfully connected to MongoDb - Port: 27017 - Db: DevDb
[2018-03-14T14:49:36.504] [INFO] AUTO UPDATER - API refresh set to '900000' (milliseconds)
[2018-03-14T14:49:37.179] [INFO] TWITTER API - No. of Tweets for query 'from:ladbible filter:media' = 0
[2018-03-14T14:49:37.474] [INFO] TWITTER API - No. of Tweets for query 'from:mr_rone_' = 3
[2018-03-14T14:49:37.542] [INFO] TWITTER API - No. of Tweets for query '#beach filter:media -RT' = 15
[2018-03-14T14:49:37.548] [INFO] TWITTER API - No. of Tweets for query '#bournemouth filter:media -RT' = 15
[2018-03-14T14:49:37.550] [INFO] TWITTER API - Total tweets: 33
[2018-03-14T14:49:37.589] [INFO] TWITTER API - Total filtered tweets: 33
[2018-03-14T14:49:37.590] [INFO] SLIDE CTRL - No. of Tweets to check 33.
[2018-03-14T14:49:37.606] [INFO] SLIDE CTRL - Check complete.
[2018-03-14T14:49:37.606] [INFO] SLIDE CTRL - No. of filtered Tweets to add: 33
[2018-03-14T14:49:37.606] [INFO] SLIDE CTRL - Total added: 0 - Total not added: 33
